2025-12-05 17:33:42 [INFO] Запуск приложения
2025-12-05 17:33:47 [INFO] Запуск приложения
2025-12-05 17:33:58 [INFO] Запуск приложения
2025-12-05 17:35:03 [INFO] Запуск приложения
2025-12-05 17:35:03 [INFO] Обновлен список рекрутеров (0 записей)
2025-12-05 17:36:59 [INFO] Запуск приложения
2025-12-05 17:36:59 [INFO] Обновлен список рекрутеров (0 записей)
2025-12-05 17:37:57 [INFO] Запуск приложения
2025-12-05 17:37:57 [INFO] Обновлен список рекрутеров (0 записей)
2025-12-05 17:39:38 [INFO] Запуск приложения
2025-12-05 17:39:38 [INFO] Обновлен список рекрутеров (0 записей)
2025-12-05 17:40:33 [INFO] Запуск приложения
2025-12-05 17:40:33 [INFO] Обновлен список рекрутеров (0 записей)
2025-12-05 17:40:43 [INFO] Запуск приложения
2025-12-05 17:40:43 [INFO] Обновлен список рекрутеров (0 записей)
2025-12-05 17:41:16 [INFO] Запуск приложения
2025-12-05 17:41:16 [INFO] Обновлен список рекрутеров (0 записей)
2025-12-05 17:43:07 [INFO] Запуск приложения
2025-12-05 17:43:07 [INFO] Обновлен список рекрутеров (0 записей)
2025-12-05 17:45:41 [INFO] Запуск приложения
2025-12-05 17:45:41 [INFO] Обновлен список рекрутеров (0 записей)
2025-12-05 17:46:15 [INFO] Запуск приложения
2025-12-05 17:46:15 [INFO] Обновлен список рекрутеров (0 записей)
2025-12-05 17:46:44 [INFO] Запуск приложения
2025-12-05 17:46:44 [INFO] Обновлен список рекрутеров (0 записей)
2025-12-05 17:48:08 [INFO] Запуск приложения
2025-12-05 17:48:08 [INFO] Обновлен список рекрутеров (0 записей)
2025-12-05 17:49:35 [INFO] Запуск приложения
2025-12-05 17:49:35 [INFO] Обновлен список рекрутеров (0 записей)
2025-12-05 17:49:40 [INFO] Запуск приложения
2025-12-05 17:49:40 [INFO] Обновлен список рекрутеров (0 записей)
2025-12-05 17:51:51 [INFO] Запуск приложения
2025-12-05 17:51:51 [INFO] Обновлен список рекрутеров (0 записей)
2025-12-05 17:53:19 [INFO] Запуск приложения
2025-12-05 17:53:19 [INFO] Обновлен список рекрутеров (0 записей)
2025-12-05 17:55:21 [INFO] Запуск приложения
2025-12-05 17:55:21 [INFO] Обновлен список рекрутеров (0 записей)
2025-12-05 18:02:40 [INFO] Запуск приложения
2025-12-05 18:02:40 [INFO] Обновлен список рекрутеров (0 записей)
2025-12-05 18:04:10 [INFO] Запуск приложения
2025-12-05 18:04:10 [INFO] Обновлен список рекрутеров (0 записей)
2025-12-05 18:04:11 [INFO] KEY keycode=83 keysym=?? state=0 widget=TEntry
2025-12-05 18:04:11 [INFO] KEY keycode=83 keysym=?? state=0 widget=TEntry
2025-12-05 18:04:11 [INFO] KEY keycode=68 keysym=?? state=0 widget=TEntry
2025-12-05 18:04:11 [INFO] KEY keycode=68 keysym=?? state=0 widget=TEntry
2025-12-05 18:04:11 [INFO] KEY keycode=70 keysym=?? state=0 widget=TEntry
2025-12-05 18:04:11 [INFO] KEY keycode=70 keysym=?? state=0 widget=TEntry
2025-12-05 18:04:11 [INFO] KEY keycode=83 keysym=?? state=0 widget=TEntry
2025-12-05 18:04:11 [INFO] KEY keycode=68 keysym=?? state=0 widget=TEntry
2025-12-05 18:04:11 [INFO] KEY keycode=83 keysym=?? state=0 widget=TEntry
2025-12-05 18:04:11 [INFO] KEY keycode=83 keysym=?? state=0 widget=TEntry
2025-12-05 18:04:11 [INFO] KEY keycode=70 keysym=?? state=0 widget=TEntry
2025-12-05 18:04:11 [INFO] KEY keycode=70 keysym=?? state=0 widget=TEntry
2025-12-05 18:04:11 [INFO] KEY keycode=70 keysym=?? state=0 widget=TEntry
2025-12-05 18:04:11 [INFO] KEY keycode=68 keysym=?? state=0 widget=TEntry
2025-12-05 18:04:11 [INFO] KEY keycode=68 keysym=?? state=0 widget=TEntry
2025-12-05 18:04:12 [INFO] KEY keycode=83 keysym=?? state=0 widget=TEntry
2025-12-05 18:04:12 [INFO] KEY keycode=68 keysym=?? state=0 widget=TEntry
2025-12-05 18:04:12 [INFO] KEY keycode=70 keysym=?? state=0 widget=TEntry
2025-12-05 18:04:12 [INFO] KEY keycode=17 keysym=Control_L state=0 widget=TEntry
2025-12-05 18:04:12 [INFO] KEY keycode=17 keysym=Control_L state=0 widget=TEntry
2025-12-05 18:04:12 [INFO] KEY keycode=65 keysym=?? state=4 widget=TEntry
2025-12-05 18:04:12 [INFO] KEY keycode=65 keysym=?? state=4 widget=TEntry
2025-12-05 18:04:12 [INFO] KEY keycode=65 keysym=?? state=4 widget=TEntry
2025-12-05 18:04:13 [INFO] KEY keycode=17 keysym=Control_L state=4 widget=TEntry
2025-12-05 18:04:13 [INFO] KEY keycode=17 keysym=Control_L state=0 widget=TEntry
2025-12-05 18:04:13 [INFO] KEY keycode=17 keysym=Control_L state=0 widget=TEntry
2025-12-05 18:04:13 [INFO] KEY keycode=67 keysym=?? state=4 widget=TEntry
2025-12-05 18:04:13 [INFO] KEY keycode=67 keysym=?? state=4 widget=TEntry
2025-12-05 18:04:13 [INFO] KEY keycode=67 keysym=?? state=4 widget=TEntry
2025-12-05 18:04:13 [INFO] KEY keycode=67 keysym=?? state=4 widget=TEntry
2025-12-05 18:04:13 [INFO] KEY keycode=67 keysym=?? state=4 widget=TEntry
2025-12-05 18:04:13 [INFO] KEY keycode=67 keysym=?? state=4 widget=TEntry
2025-12-05 18:04:13 [INFO] KEY keycode=17 keysym=Control_L state=4 widget=TEntry
2025-12-05 18:04:14 [INFO] KEY keycode=17 keysym=Control_L state=0 widget=TEntry
2025-12-05 18:04:14 [INFO] KEY keycode=17 keysym=Control_L state=0 widget=TEntry
2025-12-05 18:04:14 [INFO] KEY keycode=17 keysym=Control_L state=4 widget=TEntry
2025-12-05 18:04:15 [INFO] KEY keycode=17 keysym=Control_L state=0 widget=TEntry
2025-12-05 18:04:15 [INFO] KEY keycode=17 keysym=Control_L state=0 widget=TEntry
2025-12-05 18:04:15 [INFO] KEY keycode=86 keysym=?? state=4 widget=TEntry
2025-12-05 18:04:15 [INFO] KEY keycode=86 keysym=?? state=4 widget=TEntry
2025-12-05 18:04:15 [INFO] KEY keycode=86 keysym=?? state=4 widget=TEntry
2025-12-05 18:04:15 [INFO] KEY keycode=86 keysym=?? state=4 widget=TEntry
2025-12-05 18:04:15 [INFO] KEY keycode=86 keysym=?? state=4 widget=TEntry
2025-12-05 18:04:15 [INFO] KEY keycode=86 keysym=?? state=4 widget=TEntry
2025-12-05 18:04:15 [INFO] KEY keycode=86 keysym=?? state=4 widget=TEntry
2025-12-05 18:04:15 [INFO] KEY keycode=86 keysym=?? state=4 widget=TEntry
2025-12-05 18:04:15 [INFO] KEY keycode=86 keysym=?? state=4 widget=TEntry
2025-12-05 18:04:15 [INFO] KEY keycode=17 keysym=Control_L state=4 widget=TEntry
2025-12-05 18:04:16 [INFO] KEY keycode=17 keysym=Control_L state=0 widget=TEntry
2025-12-05 18:04:16 [INFO] KEY keycode=17 keysym=Control_L state=0 widget=TEntry
2025-12-05 18:04:16 [INFO] KEY keycode=65 keysym=?? state=4 widget=TEntry
2025-12-05 18:04:16 [INFO] KEY keycode=65 keysym=?? state=4 widget=TEntry
2025-12-05 18:04:16 [INFO] KEY keycode=65 keysym=?? state=4 widget=TEntry
2025-12-05 18:04:16 [INFO] KEY keycode=67 keysym=?? state=4 widget=TEntry
2025-12-05 18:04:16 [INFO] KEY keycode=67 keysym=?? state=4 widget=TEntry
2025-12-05 18:04:16 [INFO] KEY keycode=67 keysym=?? state=4 widget=TEntry
2025-12-05 18:04:16 [INFO] KEY keycode=67 keysym=?? state=4 widget=TEntry
2025-12-05 18:04:16 [INFO] KEY keycode=67 keysym=?? state=4 widget=TEntry
2025-12-05 18:04:16 [INFO] KEY keycode=67 keysym=?? state=4 widget=TEntry
2025-12-05 18:04:16 [INFO] KEY keycode=17 keysym=Control_L state=4 widget=TEntry
2025-12-05 18:04:17 [INFO] KEY keycode=17 keysym=Control_L state=0 widget=TEntry
2025-12-05 18:04:17 [INFO] KEY keycode=17 keysym=Control_L state=0 widget=TEntry
2025-12-05 18:04:17 [INFO] KEY keycode=65 keysym=?? state=4 widget=TEntry
2025-12-05 18:04:17 [INFO] KEY keycode=65 keysym=?? state=4 widget=TEntry
2025-12-05 18:04:17 [INFO] KEY keycode=65 keysym=?? state=4 widget=TEntry
2025-12-05 18:04:18 [INFO] KEY keycode=17 keysym=Control_L state=4 widget=TEntry
2025-12-05 18:04:18 [INFO] KEY keycode=17 keysym=Control_L state=0 widget=TEntry
2025-12-05 18:04:18 [INFO] KEY keycode=17 keysym=Control_L state=0 widget=TEntry
2025-12-05 18:04:18 [INFO] KEY keycode=17 keysym=Control_L state=4 widget=TEntry
2025-12-05 18:04:18 [INFO] KEY keycode=17 keysym=Control_L state=4 widget=TEntry
2025-12-05 18:04:18 [INFO] KEY keycode=65 keysym=?? state=4 widget=TEntry
2025-12-05 18:04:18 [INFO] KEY keycode=65 keysym=?? state=4 widget=TEntry
2025-12-05 18:04:18 [INFO] KEY keycode=65 keysym=?? state=4 widget=TEntry
2025-12-05 18:04:19 [INFO] KEY keycode=17 keysym=Control_L state=4 widget=TEntry
2025-12-05 18:04:19 [INFO] KEY keycode=83 keysym=?? state=0 widget=TEntry
2025-12-05 18:04:19 [INFO] KEY keycode=83 keysym=?? state=0 widget=TEntry
2025-12-05 18:04:19 [INFO] KEY keycode=68 keysym=?? state=0 widget=TEntry
2025-12-05 18:04:19 [INFO] KEY keycode=68 keysym=?? state=0 widget=TEntry
2025-12-05 18:04:19 [INFO] KEY keycode=70 keysym=?? state=0 widget=TEntry
2025-12-05 18:04:19 [INFO] KEY keycode=70 keysym=?? state=0 widget=TEntry
2025-12-05 18:04:19 [INFO] KEY keycode=83 keysym=?? state=0 widget=TEntry
2025-12-05 18:04:19 [INFO] KEY keycode=68 keysym=?? state=0 widget=TEntry
2025-12-05 18:04:19 [INFO] KEY keycode=70 keysym=?? state=0 widget=TEntry
2025-12-05 18:04:19 [INFO] KEY keycode=83 keysym=?? state=0 widget=TEntry
2025-12-05 18:04:19 [INFO] KEY keycode=83 keysym=?? state=0 widget=TEntry
2025-12-05 18:04:19 [INFO] KEY keycode=68 keysym=?? state=0 widget=TEntry
2025-12-05 18:04:19 [INFO] KEY keycode=68 keysym=?? state=0 widget=TEntry
2025-12-05 18:04:19 [INFO] KEY keycode=83 keysym=?? state=0 widget=TEntry
2025-12-05 18:04:19 [INFO] KEY keycode=68 keysym=?? state=0 widget=TEntry
2025-12-05 18:04:19 [INFO] KEY keycode=17 keysym=Control_L state=0 widget=TEntry
2025-12-05 18:04:19 [INFO] KEY keycode=17 keysym=Control_L state=0 widget=TEntry
2025-12-05 18:04:19 [INFO] KEY keycode=65 keysym=?? state=4 widget=TEntry
2025-12-05 18:04:19 [INFO] KEY keycode=65 keysym=?? state=4 widget=TEntry
2025-12-05 18:04:20 [INFO] KEY keycode=65 keysym=?? state=4 widget=TEntry
2025-12-05 18:04:20 [INFO] KEY keycode=67 keysym=?? state=4 widget=TEntry
2025-12-05 18:04:20 [INFO] KEY keycode=67 keysym=?? state=4 widget=TEntry
2025-12-05 18:04:20 [INFO] KEY keycode=67 keysym=?? state=4 widget=TEntry
2025-12-05 18:04:20 [INFO] KEY keycode=67 keysym=?? state=4 widget=TEntry
2025-12-05 18:04:20 [INFO] KEY keycode=67 keysym=?? state=4 widget=TEntry
2025-12-05 18:04:20 [INFO] KEY keycode=67 keysym=?? state=4 widget=TEntry
2025-12-05 18:04:20 [INFO] KEY keycode=67 keysym=?? state=4 widget=TEntry
2025-12-05 18:04:20 [INFO] KEY keycode=67 keysym=?? state=4 widget=TEntry
2025-12-05 18:04:20 [INFO] KEY keycode=67 keysym=?? state=4 widget=TEntry
2025-12-05 18:04:20 [INFO] KEY keycode=17 keysym=Control_L state=4 widget=TEntry
2025-12-05 18:04:21 [INFO] KEY keycode=17 keysym=Control_L state=0 widget=TEntry
2025-12-05 18:04:21 [INFO] KEY keycode=17 keysym=Control_L state=0 widget=TEntry
2025-12-05 18:04:21 [INFO] KEY keycode=67 keysym=?? state=4 widget=TEntry
2025-12-05 18:04:21 [INFO] KEY keycode=67 keysym=?? state=4 widget=TEntry
2025-12-05 18:04:22 [INFO] KEY keycode=67 keysym=?? state=4 widget=TEntry
2025-12-05 18:04:22 [INFO] KEY keycode=17 keysym=Control_L state=4 widget=TEntry
2025-12-05 18:04:22 [INFO] KEY keycode=17 keysym=Control_L state=0 widget=TEntry
2025-12-05 18:04:22 [INFO] KEY keycode=17 keysym=Control_L state=0 widget=TEntry
2025-12-05 18:04:22 [INFO] KEY keycode=17 keysym=Control_L state=4 widget=TEntry
2025-12-05 18:04:22 [INFO] KEY keycode=17 keysym=Control_L state=4 widget=TEntry
2025-12-05 18:04:22 [INFO] KEY keycode=17 keysym=Control_L state=4 widget=TEntry
2025-12-05 18:04:23 [INFO] KEY keycode=17 keysym=Control_L state=0 widget=TEntry
2025-12-05 18:04:23 [INFO] KEY keycode=17 keysym=Control_L state=0 widget=TEntry
2025-12-05 18:04:23 [INFO] KEY keycode=67 keysym=?? state=4 widget=TEntry
2025-12-05 18:04:23 [INFO] KEY keycode=67 keysym=?? state=4 widget=TEntry
2025-12-05 18:04:23 [INFO] KEY keycode=67 keysym=?? state=4 widget=TEntry
2025-12-05 18:04:23 [INFO] KEY keycode=67 keysym=?? state=4 widget=TEntry
2025-12-05 18:04:23 [INFO] KEY keycode=67 keysym=?? state=4 widget=TEntry
2025-12-05 18:04:23 [INFO] KEY keycode=67 keysym=?? state=4 widget=TEntry
2025-12-05 18:04:23 [INFO] KEY keycode=17 keysym=Control_L state=4 widget=TEntry
2025-12-05 18:04:23 [INFO] KEY keycode=17 keysym=Control_L state=0 widget=TEntry
2025-12-05 18:04:23 [INFO] KEY keycode=17 keysym=Control_L state=0 widget=TEntry
2025-12-05 18:04:23 [INFO] KEY keycode=86 keysym=?? state=4 widget=TEntry
2025-12-05 18:04:23 [INFO] KEY keycode=86 keysym=?? state=4 widget=TEntry
2025-12-05 18:04:24 [INFO] KEY keycode=86 keysym=?? state=4 widget=TEntry
2025-12-05 18:04:24 [INFO] KEY keycode=86 keysym=?? state=4 widget=TEntry
2025-12-05 18:04:24 [INFO] KEY keycode=86 keysym=?? state=4 widget=TEntry
2025-12-05 18:04:24 [INFO] KEY keycode=86 keysym=?? state=4 widget=TEntry
2025-12-05 18:04:24 [INFO] KEY keycode=17 keysym=Control_L state=4 widget=TEntry
2025-12-05 18:05:34 [INFO] Запуск приложения
2025-12-05 18:05:34 [INFO] Обновлен список рекрутеров (0 записей)
2025-12-05 18:05:35 [INFO] KEY keycode=65 keysym=?? state=0 widget=TEntry
2025-12-05 18:05:35 [INFO] KEY keycode=65 keysym=?? state=0 widget=TEntry
2025-12-05 18:05:35 [INFO] KEY keycode=83 keysym=?? state=0 widget=TEntry
2025-12-05 18:05:35 [INFO] KEY keycode=83 keysym=?? state=0 widget=TEntry
2025-12-05 18:05:35 [INFO] KEY keycode=65 keysym=?? state=0 widget=TEntry
2025-12-05 18:05:35 [INFO] KEY keycode=68 keysym=?? state=0 widget=TEntry
2025-12-05 18:05:35 [INFO] KEY keycode=68 keysym=?? state=0 widget=TEntry
2025-12-05 18:05:35 [INFO] KEY keycode=83 keysym=?? state=0 widget=TEntry
2025-12-05 18:05:35 [INFO] KEY keycode=68 keysym=?? state=0 widget=TEntry
2025-12-05 18:05:35 [INFO] KEY keycode=65 keysym=?? state=0 widget=TEntry
2025-12-05 18:05:35 [INFO] KEY keycode=65 keysym=?? state=0 widget=TEntry
2025-12-05 18:05:35 [INFO] KEY keycode=83 keysym=?? state=0 widget=TEntry
2025-12-05 18:05:35 [INFO] KEY keycode=83 keysym=?? state=0 widget=TEntry
2025-12-05 18:05:35 [INFO] KEY keycode=68 keysym=?? state=0 widget=TEntry
2025-12-05 18:05:35 [INFO] KEY keycode=68 keysym=?? state=0 widget=TEntry
2025-12-05 18:05:35 [INFO] KEY keycode=65 keysym=?? state=0 widget=TEntry
2025-12-05 18:05:35 [INFO] KEY keycode=83 keysym=?? state=0 widget=TEntry
2025-12-05 18:05:35 [INFO] KEY keycode=68 keysym=?? state=0 widget=TEntry
2025-12-05 18:05:35 [INFO] KEY keycode=17 keysym=Control_L state=0 widget=TEntry
2025-12-05 18:05:35 [INFO] KEY keycode=17 keysym=Control_L state=0 widget=TEntry
2025-12-05 18:05:36 [INFO] KEY keycode=65 keysym=?? state=4 widget=TEntry
2025-12-05 18:05:36 [INFO] KEY keycode=67 keysym=?? state=4 widget=TEntry
2025-12-05 18:05:36 [INFO] KEY keycode=67 keysym=?? state=4 widget=TEntry
2025-12-05 18:05:36 [INFO] KEY keycode=67 keysym=?? state=4 widget=TEntry
2025-12-05 18:05:36 [INFO] KEY keycode=17 keysym=Control_L state=4 widget=TEntry
2025-12-05 18:05:37 [INFO] KEY keycode=17 keysym=Control_L state=0 widget=TEntry
2025-12-05 18:05:37 [INFO] KEY keycode=17 keysym=Control_L state=0 widget=TEntry
2025-12-05 18:05:37 [INFO] KEY keycode=86 keysym=?? state=4 widget=TEntry
2025-12-05 18:05:37 [INFO] KEY keycode=86 keysym=?? state=4 widget=TEntry
2025-12-05 18:05:37 [INFO] KEY keycode=17 keysym=Control_L state=4 widget=TEntry
2025-12-05 18:05:38 [INFO] KEY keycode=17 keysym=Control_L state=0 widget=TEntry
2025-12-05 18:05:38 [INFO] KEY keycode=17 keysym=Control_L state=0 widget=TEntry
2025-12-05 18:05:38 [INFO] KEY keycode=86 keysym=?? state=4 widget=TEntry
2025-12-05 18:05:38 [INFO] KEY keycode=17 keysym=Control_L state=4 widget=TEntry
2025-12-05 18:05:38 [INFO] KEY keycode=65 keysym=?? state=0 widget=TEntry
2025-12-05 18:05:38 [INFO] KEY keycode=65 keysym=?? state=0 widget=TEntry
2025-12-05 18:05:38 [INFO] KEY keycode=83 keysym=?? state=0 widget=TEntry
2025-12-05 18:05:38 [INFO] KEY keycode=83 keysym=?? state=0 widget=TEntry
2025-12-05 18:05:39 [INFO] KEY keycode=68 keysym=?? state=0 widget=TEntry
2025-12-05 18:05:39 [INFO] KEY keycode=68 keysym=?? state=0 widget=TEntry
2025-12-05 18:05:39 [INFO] KEY keycode=65 keysym=?? state=0 widget=TEntry
2025-12-05 18:05:39 [INFO] KEY keycode=83 keysym=?? state=0 widget=TEntry
2025-12-05 18:05:39 [INFO] KEY keycode=65 keysym=?? state=0 widget=TEntry
2025-12-05 18:05:39 [INFO] KEY keycode=65 keysym=?? state=0 widget=TEntry
2025-12-05 18:05:39 [INFO] KEY keycode=68 keysym=?? state=0 widget=TEntry
2025-12-05 18:05:39 [INFO] KEY keycode=83 keysym=?? state=0 widget=TEntry
2025-12-05 18:05:39 [INFO] KEY keycode=83 keysym=?? state=0 widget=TEntry
2025-12-05 18:05:39 [INFO] KEY keycode=65 keysym=?? state=0 widget=TEntry
2025-12-05 18:05:39 [INFO] KEY keycode=68 keysym=?? state=0 widget=TEntry
2025-12-05 18:05:39 [INFO] KEY keycode=68 keysym=?? state=0 widget=TEntry
2025-12-05 18:05:39 [INFO] KEY keycode=83 keysym=?? state=0 widget=TEntry
2025-12-05 18:05:39 [INFO] KEY keycode=68 keysym=?? state=0 widget=TEntry
2025-12-05 18:05:39 [INFO] KEY keycode=17 keysym=Control_L state=0 widget=TEntry
2025-12-05 18:05:39 [INFO] KEY keycode=17 keysym=Control_L state=0 widget=TEntry
2025-12-05 18:05:39 [INFO] KEY keycode=65 keysym=?? state=4 widget=TEntry
2025-12-05 18:05:40 [INFO] KEY keycode=67 keysym=?? state=4 widget=TEntry
2025-12-05 18:05:40 [INFO] KEY keycode=17 keysym=Control_L state=4 widget=TEntry
2025-12-05 18:05:40 [INFO] KEY keycode=17 keysym=Control_L state=0 widget=TEntry
2025-12-05 18:05:40 [INFO] KEY keycode=17 keysym=Control_L state=0 widget=TEntry
2025-12-05 18:05:40 [INFO] KEY keycode=86 keysym=?? state=4 widget=TEntry
2025-12-05 18:05:41 [INFO] KEY keycode=86 keysym=?? state=4 widget=TEntry
2025-12-05 18:05:41 [INFO] KEY keycode=17 keysym=Control_L state=4 widget=TEntry
2025-12-05 18:05:41 [INFO] KEY keycode=83 keysym=?? state=0 widget=TEntry
2025-12-05 18:05:41 [INFO] KEY keycode=83 keysym=?? state=0 widget=TEntry
2025-12-05 18:05:41 [INFO] KEY keycode=65 keysym=?? state=0 widget=TEntry
2025-12-05 18:05:41 [INFO] KEY keycode=65 keysym=?? state=0 widget=TEntry
2025-12-05 18:05:41 [INFO] KEY keycode=68 keysym=?? state=0 widget=TEntry
2025-12-05 18:05:41 [INFO] KEY keycode=68 keysym=?? state=0 widget=TEntry
2025-12-05 18:05:41 [INFO] KEY keycode=65 keysym=?? state=0 widget=TEntry
2025-12-05 18:05:41 [INFO] KEY keycode=83 keysym=?? state=0 widget=TEntry
2025-12-05 18:05:41 [INFO] KEY keycode=68 keysym=?? state=0 widget=TEntry
2025-12-05 18:05:42 [INFO] KEY keycode=17 keysym=Control_L state=1 widget=TEntry
2025-12-05 18:05:42 [INFO] KEY keycode=17 keysym=Control_L state=1 widget=TEntry
2025-12-05 18:05:42 [INFO] KEY keycode=17 keysym=Control_L state=1 widget=TEntry
2025-12-05 18:05:42 [INFO] KEY keycode=16 keysym=Shift_L state=5 widget=TEntry
2025-12-05 18:05:42 [INFO] KEY keycode=17 keysym=Control_L state=5 widget=TEntry
2025-12-05 18:05:42 [INFO] KEY keycode=16 keysym=Shift_L state=1 widget=TEntry
2025-12-05 18:05:42 [INFO] KEY keycode=83 keysym=s state=0 widget=TEntry
2025-12-05 18:05:42 [INFO] KEY keycode=83 keysym=s state=0 widget=TEntry
2025-12-05 18:05:42 [INFO] KEY keycode=68 keysym=d state=0 widget=TEntry
2025-12-05 18:05:42 [INFO] KEY keycode=68 keysym=d state=0 widget=TEntry
2025-12-05 18:05:42 [INFO] KEY keycode=70 keysym=f state=0 widget=TEntry
2025-12-05 18:05:42 [INFO] KEY keycode=70 keysym=f state=0 widget=TEntry
2025-12-05 18:05:42 [INFO] KEY keycode=83 keysym=s state=0 widget=TEntry
2025-12-05 18:05:42 [INFO] KEY keycode=68 keysym=d state=0 widget=TEntry
2025-12-05 18:05:42 [INFO] KEY keycode=70 keysym=f state=0 widget=TEntry
2025-12-05 18:05:42 [INFO] KEY keycode=65 keysym=a state=0 widget=TEntry
2025-12-05 18:05:42 [INFO] KEY keycode=65 keysym=a state=0 widget=TEntry
2025-12-05 18:05:42 [INFO] KEY keycode=83 keysym=s state=0 widget=TEntry
2025-12-05 18:05:42 [INFO] KEY keycode=83 keysym=s state=0 widget=TEntry
2025-12-05 18:05:42 [INFO] KEY keycode=83 keysym=s state=0 widget=TEntry
2025-12-05 18:05:42 [INFO] KEY keycode=65 keysym=a state=0 widget=TEntry
2025-12-05 18:05:43 [INFO] KEY keycode=17 keysym=Control_L state=0 widget=TEntry
2025-12-05 18:05:43 [INFO] KEY keycode=17 keysym=Control_L state=0 widget=TEntry
2025-12-05 18:05:43 [INFO] KEY keycode=65 keysym=a state=4 widget=TEntry
2025-12-05 18:05:43 [INFO] KEY keycode=67 keysym=c state=4 widget=TEntry
2025-12-05 18:05:43 [INFO] KEY keycode=17 keysym=Control_L state=4 widget=TEntry
2025-12-05 18:05:44 [INFO] KEY keycode=17 keysym=Control_L state=0 widget=TEntry
2025-12-05 18:05:44 [INFO] KEY keycode=17 keysym=Control_L state=0 widget=TEntry
2025-12-05 18:05:44 [INFO] KEY keycode=86 keysym=v state=4 widget=TEntry
2025-12-05 18:05:44 [INFO] KEY keycode=86 keysym=v state=4 widget=TEntry
2025-12-05 18:05:44 [INFO] KEY keycode=17 keysym=Control_L state=4 widget=TEntry
